TN:
SF:src\core\either.ts
FN:4,<instance_members_initializer>
FN:7,Left
FN:11,isRight
FN:15,isLeft
FN:20,left
FN:23,<instance_members_initializer>
FN:26,Right
FN:30,isRight
FN:34,isLeft
FN:39,right
FNF:10
FNH:10
FNDA:7,<instance_members_initializer>
FNDA:7,Left
FNDA:4,isRight
FNDA:6,isLeft
FNDA:7,left
FNDA:21,<instance_members_initializer>
FNDA:21,Right
FNDA:30,isRight
FNDA:2,isLeft
FNDA:21,right
DA:1,1
DA:2,1
DA:3,1
DA:4,1
DA:5,7
DA:6,7
DA:7,7
DA:8,7
DA:9,7
DA:10,7
DA:11,7
DA:12,4
DA:13,4
DA:14,7
DA:15,7
DA:16,6
DA:17,6
DA:18,7
DA:19,1
DA:20,1
DA:21,1
DA:22,1
DA:23,1
DA:24,21
DA:25,21
DA:26,21
DA:27,21
DA:28,21
DA:29,21
DA:30,21
DA:31,30
DA:32,30
DA:33,21
DA:34,21
DA:35,2
DA:36,2
DA:37,21
DA:38,1
DA:39,1
LF:39
LH:39
BRDA:4,0,0,7
BRDA:7,1,0,7
BRDA:11,2,0,4
BRDA:15,3,0,6
BRDA:20,4,0,7
BRDA:23,5,0,21
BRDA:26,6,0,21
BRDA:30,7,0,30
BRDA:34,8,0,2
BRDA:39,9,0,21
BRF:10
BRH:10
end_of_record
TN:
SF:src\core\entities\aggregate-root.ts
FNF:0
FNH:0
DA:1,1
DA:2,1
DA:3,1
DA:4,1
LF:4
LH:4
BRF:0
BRH:0
end_of_record
TN:
SF:src\core\entities\entity.ts
FN:3,<instance_members_initializer>
FN:8,Entity
FN:13,get id
FNF:3
FNH:3
FNDA:103,<instance_members_initializer>
FNDA:103,Entity
FNDA:49,get id
DA:1,1
DA:2,1
DA:3,1
DA:4,103
DA:5,103
DA:6,103
DA:7,103
DA:8,103
DA:9,103
DA:10,103
DA:11,103
DA:12,103
DA:13,103
DA:14,49
DA:15,49
DA:16,103
LF:16
LH:16
BRDA:3,0,0,103
BRDA:8,1,0,103
BRDA:10,2,0,55
BRDA:13,3,0,49
BRF:4
BRH:4
end_of_record
TN:
SF:src\core\entities\index.ts
FNF:0
FNH:0
DA:1,1
DA:2,1
LF:2
LH:2
BRF:0
BRH:0
end_of_record
TN:
SF:src\core\entities\unique-entity-id.ts
FN:3,<instance_members_initializer>
FN:6,UniqueEntityId
FN:10,toString
FN:14,toValue
FNF:4
FNH:4
FNDA:347,<instance_members_initializer>
FNDA:347,UniqueEntityId
FNDA:87,toString
FNDA:5,toValue
DA:1,1
DA:2,1
DA:3,1
DA:4,347
DA:5,347
DA:6,347
DA:7,347
DA:8,347
DA:9,347
DA:10,347
DA:11,87
DA:12,87
DA:13,347
DA:14,347
DA:15,5
DA:16,5
DA:17,347
LF:17
LH:17
BRDA:3,0,0,347
BRDA:6,1,0,347
BRDA:7,2,0,55
BRDA:10,3,0,87
BRDA:14,4,0,5
BRF:5
BRH:5
end_of_record
TN:
SF:src\core\entities\watched-list.ts
FN:1,<instance_members_initializer>
FN:10,WatchedList
FN:19,getItems
FN:23,getNewItems
FN:27,getRemovedItems
FN:31,exists
FN:35,add
FN:49,remove
FN:63,update
FN:73,isCurrentItem
FN:80,isNewItem
FN:84,isRemovedItem
FN:90,removeFromNew
FN:94,removeFromCurrent
FN:100,removeFromRemoved
FN:104,wasAddedInitially
FNF:16
FNH:15
FNDA:7,<instance_members_initializer>
FNDA:7,WatchedList
FNDA:4,getItems
FNDA:4,getNewItems
FNDA:4,getRemovedItems
FNDA:0,exists
FNDA:3,add
FNDA:3,remove
FNDA:1,update
FNDA:3,isCurrentItem
FNDA:6,isNewItem
FNDA:5,isRemovedItem
FNDA:1,removeFromNew
FNDA:3,removeFromCurrent
FNDA:1,removeFromRemoved
FNDA:3,wasAddedInitially
DA:1,1
DA:2,7
DA:3,7
DA:4,7
DA:5,7
DA:6,7
DA:7,7
DA:8,7
DA:9,7
DA:10,7
DA:11,7
DA:12,7
DA:13,7
DA:14,7
DA:15,7
DA:16,7
DA:17,7
DA:18,7
DA:19,7
DA:20,4
DA:21,4
DA:22,7
DA:23,7
DA:24,4
DA:25,4
DA:26,7
DA:27,7
DA:28,4
DA:29,4
DA:30,7
DA:31,7
DA:32,0
DA:33,0
DA:34,7
DA:35,7
DA:36,3
DA:37,1
DA:38,1
DA:39,3
DA:40,3
DA:41,2
DA:42,2
DA:43,3
DA:44,3
DA:45,3
DA:46,3
DA:47,3
DA:48,7
DA:49,7
DA:50,3
DA:51,3
DA:52,3
DA:53,1
DA:54,1
DA:55,1
DA:56,1
DA:57,2
DA:58,2
DA:59,2
DA:60,2
DA:61,3
DA:62,7
DA:63,7
DA:64,1
DA:65,1
DA:66,1
DA:67,1
DA:68,1
DA:69,1
DA:70,1
DA:71,1
DA:72,7
DA:73,7
DA:74,3
DA:75,3
DA:76,3
DA:77,3
DA:78,3
DA:79,7
DA:80,7
DA:81,6
DA:82,6
DA:83,7
DA:84,7
DA:85,5
DA:86,5
DA:87,5
DA:88,5
DA:89,7
DA:90,7
DA:91,1
DA:92,1
DA:93,7
DA:94,7
DA:95,3
DA:96,3
DA:97,3
DA:98,3
DA:99,7
DA:100,7
DA:101,1
DA:102,1
DA:103,7
DA:104,7
DA:105,3
DA:106,3
DA:107,3
DA:108,3
DA:109,7
LF:109
LH:107
BRDA:1,0,0,7
BRDA:10,1,0,7
BRDA:11,2,0,0
BRDA:12,3,0,0
BRDA:19,4,0,4
BRDA:23,5,0,4
BRDA:27,6,0,4
BRDA:35,7,0,3
BRDA:36,8,0,1
BRDA:40,9,0,2
BRDA:49,10,0,3
BRDA:52,11,0,1
BRDA:56,12,0,2
BRDA:63,13,0,1
BRDA:64,14,0,3
BRDA:64,15,0,7
BRDA:66,16,0,3
BRDA:66,17,0,6
BRDA:73,18,0,3
BRDA:75,19,0,8
BRDA:80,20,0,6
BRDA:81,21,0,1
BRDA:84,22,0,5
BRDA:86,23,0,1
BRDA:90,24,0,1
BRDA:91,25,0,1
BRDA:94,26,0,3
BRDA:96,27,0,10
BRDA:100,28,0,1
BRDA:101,29,0,1
BRDA:104,30,0,3
BRDA:106,31,0,9
BRF:32
BRH:30
end_of_record
TN:
SF:src\core\errors\use-case-error.ts
FN:1,(empty-report)
FNF:1
FNH:0
FNDA:0,(empty-report)
DA:1,0
DA:2,0
DA:3,0
DA:4,0
LF:4
LH:0
BRDA:1,0,0,0
BRF:1
BRH:0
end_of_record
TN:
SF:src\core\repositories\index.ts
FN:1,(empty-report)
FNF:1
FNH:0
FNDA:0,(empty-report)
DA:1,0
LF:1
LH:0
BRDA:1,0,0,0
BRF:1
BRH:0
end_of_record
TN:
SF:src\core\repositories\pagination-params.ts
FN:1,(empty-report)
FNF:1
FNH:0
FNDA:0,(empty-report)
DA:1,0
DA:2,0
DA:3,0
DA:4,0
LF:4
LH:0
BRDA:1,0,0,0
BRF:1
BRH:0
end_of_record
TN:
SF:src\core\types\optional.ts
FN:1,(empty-report)
FNF:1
FNH:0
FNDA:0,(empty-report)
DA:1,0
DA:2,0
DA:3,0
DA:4,0
DA:5,0
DA:6,0
DA:7,0
DA:8,0
DA:9,0
DA:10,0
DA:11,0
DA:12,0
DA:13,0
DA:14,0
DA:15,0
DA:16,0
LF:16
LH:0
BRDA:1,0,0,0
BRF:1
BRH:0
end_of_record
TN:
SF:src\domain\forum\application\repositories\answer-comments.repository.ts
FN:1,(empty-report)
FNF:1
FNH:0
FNDA:0,(empty-report)
DA:1,0
DA:2,0
DA:3,0
DA:4,0
DA:5,0
DA:6,0
DA:7,0
DA:8,0
DA:9,0
DA:10,0
DA:11,0
DA:12,0
DA:13,0
DA:14,0
LF:14
LH:0
BRDA:1,0,0,0
BRF:1
BRH:0
end_of_record
TN:
SF:src\domain\forum\application\repositories\answer.repository.ts
FN:1,(empty-report)
FNF:1
FNH:0
FNDA:0,(empty-report)
DA:1,0
DA:2,0
DA:3,0
DA:4,0
DA:5,0
DA:6,0
DA:7,0
DA:8,0
DA:9,0
DA:10,0
LF:10
LH:0
BRDA:1,0,0,0
BRF:1
BRH:0
end_of_record
TN:
SF:src\domain\forum\application\repositories\example.repository.ts
FN:1,(empty-report)
FNF:1
FNH:0
FNDA:0,(empty-report)
DA:1,0
DA:2,0
DA:3,0
DA:4,0
DA:5,0
LF:5
LH:0
BRDA:1,0,0,0
BRF:1
BRH:0
end_of_record
TN:
SF:src\domain\forum\application\repositories\index.ts
FN:1,(empty-report)
FNF:1
FNH:0
FNDA:0,(empty-report)
DA:1,0
DA:2,0
DA:3,0
DA:4,0
DA:5,0
LF:5
LH:0
BRDA:1,0,0,0
BRF:1
BRH:0
end_of_record
TN:
SF:src\domain\forum\application\repositories\question-comments.repository.ts
FN:1,(empty-report)
FNF:1
FNH:0
FNDA:0,(empty-report)
DA:1,0
DA:2,0
DA:3,0
DA:4,0
DA:5,0
DA:6,0
DA:7,0
DA:8,0
DA:9,0
DA:10,0
DA:11,0
DA:12,0
DA:13,0
DA:14,0
LF:14
LH:0
BRDA:1,0,0,0
BRF:1
BRH:0
end_of_record
TN:
SF:src\domain\forum\application\repositories\question.repository.ts
FN:1,(empty-report)
FNF:1
FNH:0
FNDA:0,(empty-report)
DA:1,0
DA:2,0
DA:3,0
DA:4,0
DA:5,0
DA:6,0
DA:7,0
DA:8,0
DA:9,0
DA:10,0
DA:11,0
LF:11
LH:0
BRDA:1,0,0,0
BRF:1
BRH:0
end_of_record
TN:
SF:src\domain\forum\application\use-cases\answer-question.ts
FN:15,AnswerQuestionUseCase
FN:18,execute
FNF:2
FNH:2
FNDA:1,AnswerQuestionUseCase
FNDA:1,execute
DA:1,1
DA:2,1
DA:3,1
DA:4,1
DA:5,1
DA:6,1
DA:7,1
DA:8,1
DA:9,1
DA:10,1
DA:11,1
DA:12,1
DA:13,1
DA:14,1
DA:15,1
DA:16,1
DA:17,1
DA:18,1
DA:19,1
DA:20,1
DA:21,1
DA:22,1
DA:23,1
DA:24,1
DA:25,1
DA:26,1
DA:27,1
DA:28,1
DA:29,1
DA:30,1
DA:31,1
DA:32,1
DA:33,1
LF:33
LH:33
BRDA:15,0,0,1
BRDA:18,1,0,1
BRF:2
BRH:2
end_of_record
TN:
SF:src\domain\forum\application\use-cases\choose-best-answer-question.ts
FN:18,ChooseBestAnswerUseCase
FN:24,execute
FNF:2
FNH:2
FNDA:2,ChooseBestAnswerUseCase
FNDA:2,execute
DA:1,1
DA:2,1
DA:3,1
DA:4,1
DA:5,1
DA:6,1
DA:7,1
DA:8,1
DA:9,1
DA:10,1
DA:11,1
DA:12,1
DA:13,1
DA:14,1
DA:15,1
DA:16,1
DA:17,1
DA:18,1
DA:19,2
DA:20,2
DA:21,2
DA:22,2
DA:23,1
DA:24,1
DA:25,2
DA:26,2
DA:27,2
DA:28,2
DA:29,2
DA:30,2
DA:31,1
DA:32,1
DA:33,1
DA:34,2
DA:35,1
DA:36,2
DA:37,1
DA:38,1
DA:39,1
DA:40,1
DA:41,1
DA:42,1
DA:43,1
DA:44,1
DA:45,1
DA:46,2
DA:47,1
LF:47
LH:47
BRDA:18,0,0,2
BRDA:24,1,0,2
BRDA:30,2,0,1
BRDA:34,3,0,0
BRDA:34,4,0,1
BRDA:36,5,0,0
BRDA:36,6,0,1
BRF:7
BRH:5
end_of_record
TN:
SF:src\domain\forum\application\use-cases\comment-on-answer.ts
FN:17,CommentOnAnswerUseCase
FN:23,execute
FNF:2
FNH:2
FNDA:1,CommentOnAnswerUseCase
FNDA:1,execute
DA:1,1
DA:2,1
DA:3,1
DA:4,1
DA:5,1
DA:6,1
DA:7,1
DA:8,1
DA:9,1
DA:10,1
DA:11,1
DA:12,1
DA:13,1
DA:14,1
DA:15,1
DA:16,1
DA:17,1
DA:18,1
DA:19,1
DA:20,1
DA:21,1
DA:22,1
DA:23,1
DA:24,1
DA:25,1
DA:26,1
DA:27,1
DA:28,1
DA:29,1
DA:30,1
DA:31,1
DA:32,1
DA:33,1
DA:34,1
DA:35,1
DA:36,1
DA:37,1
DA:38,1
DA:39,1
DA:40,1
DA:41,1
DA:42,1
DA:43,1
LF:43
LH:43
BRDA:17,0,0,1
BRDA:23,1,0,1
BRDA:30,2,0,0
BRF:3
BRH:2
end_of_record
TN:
SF:src\domain\forum\application\use-cases\comment-on-question.ts
FN:17,CommentOnQuestionUseCase
FN:23,execute
FNF:2
FNH:2
FNDA:1,CommentOnQuestionUseCase
FNDA:1,execute
DA:1,1
DA:2,1
DA:3,1
DA:4,1
DA:5,1
DA:6,1
DA:7,1
DA:8,1
DA:9,1
DA:10,1
DA:11,1
DA:12,1
DA:13,1
DA:14,1
DA:15,1
DA:16,1
DA:17,1
DA:18,1
DA:19,1
DA:20,1
DA:21,1
DA:22,1
DA:23,1
DA:24,1
DA:25,1
DA:26,1
DA:27,1
DA:28,1
DA:29,1
DA:30,1
DA:31,1
DA:32,1
DA:33,1
DA:34,1
DA:35,1
DA:36,1
DA:37,1
DA:38,1
DA:39,1
DA:40,1
DA:41,1
DA:42,1
DA:43,1
LF:43
LH:43
BRDA:17,0,0,1
BRDA:23,1,0,1
BRDA:30,2,0,0
BRF:3
BRH:2
end_of_record
TN:
SF:src\domain\forum\application\use-cases\create-question.ts
FN:20,CreateQuestionUseCase
FN:23,execute
FNF:2
FNH:2
FNDA:2,CreateQuestionUseCase
FNDA:2,execute
DA:1,1
DA:2,1
DA:3,1
DA:4,1
DA:5,1
DA:6,1
DA:7,1
DA:8,1
DA:9,1
DA:10,1
DA:11,1
DA:12,1
DA:13,1
DA:14,1
DA:15,1
DA:16,1
DA:17,1
DA:18,1
DA:19,1
DA:20,1
DA:21,2
DA:22,1
DA:23,1
DA:24,2
DA:25,2
DA:26,2
DA:27,2
DA:28,2
DA:29,2
DA:30,2
DA:31,2
DA:32,2
DA:33,2
DA:34,2
DA:35,2
DA:36,1
DA:37,1
DA:38,1
DA:39,2
DA:40,2
DA:41,1
DA:42,1
DA:43,1
DA:44,2
DA:45,2
DA:46,2
DA:47,2
DA:48,2
DA:49,2
DA:50,2
DA:51,1
LF:51
LH:51
BRDA:20,0,0,2
BRDA:23,1,0,2
BRDA:35,2,0,1
BRDA:38,3,0,2
BRF:4
BRH:4
end_of_record
TN:
SF:src\domain\forum\application\use-cases\delete-comment-for-answer.ts
FN:15,DeleteCommentForAnswerUseCase
FN:20,execute
FNF:2
FNH:2
FNDA:2,DeleteCommentForAnswerUseCase
FNDA:2,execute
DA:1,1
DA:2,1
DA:3,1
DA:4,1
DA:5,1
DA:6,1
DA:7,1
DA:8,1
DA:9,1
DA:10,1
DA:11,1
DA:12,1
DA:13,1
DA:14,1
DA:15,1
DA:16,2
DA:17,2
DA:18,2
DA:19,1
DA:20,1
DA:21,2
DA:22,2
DA:23,2
DA:24,2
DA:25,2
DA:26,2
DA:27,2
DA:28,1
DA:29,2
DA:30,1
DA:31,1
DA:32,1
DA:33,2
DA:34,1
LF:34
LH:34
BRDA:15,0,0,2
BRDA:20,1,0,2
BRDA:26,2,0,0
BRDA:27,3,0,1
BRDA:29,4,0,0
BRDA:29,5,0,1
BRF:6
BRH:4
end_of_record
TN:
SF:src\domain\forum\application\use-cases\delete-comment-for-question.ts
FN:15,DeleteCommentForQuestionUseCase
FN:20,execute
FNF:2
FNH:2
FNDA:2,DeleteCommentForQuestionUseCase
FNDA:2,execute
DA:1,1
DA:2,1
DA:3,1
DA:4,1
DA:5,1
DA:6,1
DA:7,1
DA:8,1
DA:9,1
DA:10,1
DA:11,1
DA:12,1
DA:13,1
DA:14,1
DA:15,1
DA:16,2
DA:17,2
DA:18,2
DA:19,1
DA:20,1
DA:21,2
DA:22,2
DA:23,2
DA:24,2
DA:25,2
DA:26,2
DA:27,2
DA:28,1
DA:29,2
DA:30,1
DA:31,1
DA:32,1
DA:33,2
DA:34,1
LF:34
LH:34
BRDA:15,0,0,2
BRDA:20,1,0,2
BRDA:26,2,0,0
BRDA:27,3,0,1
BRDA:29,4,0,0
BRDA:29,5,0,1
BRF:6
BRH:4
end_of_record
TN:
SF:src\domain\forum\application\use-cases\delete-question.ts
FN:14,DeleteQuestionUseCase
FN:17,execute
FNF:2
FNH:2
FNDA:2,DeleteQuestionUseCase
FNDA:2,execute
DA:1,1
DA:2,1
DA:3,1
DA:4,1
DA:5,1
DA:6,1
DA:7,1
DA:8,1
DA:9,1
DA:10,1
DA:11,1
DA:12,1
DA:13,1
DA:14,1
DA:15,2
DA:16,1
DA:17,1
DA:18,2
DA:19,2
DA:20,2
DA:21,2
DA:22,2
DA:23,2
DA:24,1
DA:25,1
DA:26,1
DA:27,1
DA:28,2
DA:29,1
LF:29
LH:29
BRDA:14,0,0,2
BRDA:17,1,0,2
BRDA:21,2,0,0
BRDA:23,3,0,1
BRF:4
BRH:3
end_of_record
TN:
SF:src\domain\forum\application\use-cases\edit-answer-use-case.ts
FN:18,EditAnswerUseCase
FN:21,execute
FNF:2
FNH:2
FNDA:2,EditAnswerUseCase
FNDA:2,execute
DA:1,1
DA:2,1
DA:3,1
DA:4,1
DA:5,1
DA:6,1
DA:7,1
DA:8,1
DA:9,1
DA:10,1
DA:11,1
DA:12,1
DA:13,1
DA:14,1
DA:15,1
DA:16,1
DA:17,1
DA:18,1
DA:19,2
DA:20,1
DA:21,1
DA:22,2
DA:23,2
DA:24,2
DA:25,2
DA:26,2
DA:27,2
DA:28,2
DA:29,2
DA:30,1
DA:31,1
DA:32,1
DA:33,1
DA:34,1
DA:35,1
DA:36,2
DA:37,1
LF:37
LH:37
BRDA:18,0,0,2
BRDA:21,1,0,2
BRDA:28,2,0,0
BRDA:29,3,0,1
BRF:4
BRH:3
end_of_record
TN:
SF:src\domain\forum\application\use-cases\edit-question-use-case.ts
FN:19,EditQuestionUseCase
FN:22,execute
FNF:2
FNH:2
FNDA:2,EditQuestionUseCase
FNDA:2,execute
DA:1,1
DA:2,1
DA:3,1
DA:4,1
DA:5,1
DA:6,1
DA:7,1
DA:8,1
DA:9,1
DA:10,1
DA:11,1
DA:12,1
DA:13,1
DA:14,1
DA:15,1
DA:16,1
DA:17,1
DA:18,1
DA:19,1
DA:20,2
DA:21,1
DA:22,1
DA:23,2
DA:24,2
DA:25,2
DA:26,2
DA:27,2
DA:28,2
DA:29,2
DA:30,2
DA:31,2
DA:32,1
DA:33,1
DA:34,1
DA:35,1
DA:36,1
DA:37,1
DA:38,1
DA:39,2
DA:40,1
LF:40
LH:40
BRDA:19,0,0,2
BRDA:22,1,0,2
BRDA:30,2,0,0
BRDA:31,3,0,1
BRF:4
BRH:3
end_of_record
TN:
SF:src\domain\forum\application\use-cases\example-use-case.ts
FN:1,(empty-report)
FNF:1
FNH:0
FNDA:0,(empty-report)
DA:1,0
DA:2,0
DA:3,0
DA:4,0
DA:5,0
DA:6,0
DA:7,0
DA:8,0
DA:9,0
DA:10,0
DA:11,0
DA:12,0
DA:13,0
DA:14,0
DA:15,0
DA:16,0
DA:17,0
DA:18,0
LF:18
LH:0
BRDA:1,0,0,0
BRF:1
BRH:0
end_of_record
TN:
SF:src\domain\forum\application\use-cases\fetch-question-answers.ts
FN:17,FetchQuestionAnswersUseCase
FN:20,execute
FNF:2
FNH:2
FNDA:2,FetchQuestionAnswersUseCase
FNDA:2,execute
DA:1,1
DA:2,1
DA:3,1
DA:4,1
DA:5,1
DA:6,1
DA:7,1
DA:8,1
DA:9,1
DA:10,1
DA:11,1
DA:12,1
DA:13,1
DA:14,1
DA:15,1
DA:16,1
DA:17,1
DA:18,2
DA:19,1
DA:20,1
DA:21,2
DA:22,2
DA:23,2
DA:24,2
DA:25,2
DA:26,2
DA:27,2
DA:28,1
LF:28
LH:28
BRDA:17,0,0,2
BRDA:20,1,0,2
BRDA:24,2,0,0
BRF:3
BRH:2
end_of_record
TN:
SF:src\domain\forum\application\use-cases\fetch-recent-questions.ts
FN:16,FetchRecentQuestionsUseCase
FN:19,execute
FNF:2
FNH:2
FNDA:2,FetchRecentQuestionsUseCase
FNDA:2,execute
DA:1,1
DA:2,1
DA:3,1
DA:4,1
DA:5,1
DA:6,1
DA:7,1
DA:8,1
DA:9,1
DA:10,1
DA:11,1
DA:12,1
DA:13,1
DA:14,1
DA:15,1
DA:16,1
DA:17,2
DA:18,1
DA:19,1
DA:20,2
DA:21,2
DA:22,2
DA:23,2
DA:24,2
DA:25,2
DA:26,2
DA:27,2
DA:28,2
DA:29,1
LF:29
LH:29
BRDA:16,0,0,2
BRDA:19,1,0,2
BRDA:23,2,0,0
BRF:3
BRH:2
end_of_record
TN:
SF:src\domain\forum\application\use-cases\get-question-by-slug.ts
FN:16,GetQuestionBySlugUseCase
FN:19,execute
FNF:2
FNH:2
FNDA:1,GetQuestionBySlugUseCase
FNDA:1,execute
DA:1,1
DA:2,1
DA:3,1
DA:4,1
DA:5,1
DA:6,1
DA:7,1
DA:8,1
DA:9,1
DA:10,1
DA:11,1
DA:12,1
DA:13,1
DA:14,1
DA:15,1
DA:16,1
DA:17,1
DA:18,1
DA:19,1
DA:20,1
DA:21,1
DA:22,1
DA:23,1
DA:24,1
DA:25,1
DA:26,1
DA:27,1
DA:28,1
DA:29,1
DA:30,1
LF:30
LH:30
BRDA:16,0,0,1
BRDA:19,1,0,1
BRDA:24,2,0,0
BRF:3
BRH:2
end_of_record
TN:
SF:src\domain\forum\application\use-cases\list-answer-comments.ts
FN:17,ListAnswerCommentsUseCase
FN:20,execute
FNF:2
FNH:2
FNDA:2,ListAnswerCommentsUseCase
FNDA:2,execute
DA:1,1
DA:2,1
DA:3,1
DA:4,1
DA:5,1
DA:6,1
DA:7,1
DA:8,1
DA:9,1
DA:10,1
DA:11,1
DA:12,1
DA:13,1
DA:14,1
DA:15,1
DA:16,1
DA:17,1
DA:18,2
DA:19,1
DA:20,1
DA:21,2
DA:22,2
DA:23,2
DA:24,2
DA:25,2
DA:26,2
DA:27,2
DA:28,2
DA:29,2
DA:30,2
DA:31,2
DA:32,2
DA:33,2
DA:34,2
DA:35,2
DA:36,1
LF:36
LH:36
BRDA:17,0,0,2
BRDA:20,1,0,2
BRDA:30,2,0,0
BRF:3
BRH:2
end_of_record
TN:
SF:src\domain\forum\application\use-cases\list-question-comments.ts
FN:17,ListQuestionCommentsUseCase
FN:20,execute
FNF:2
FNH:2
FNDA:2,ListQuestionCommentsUseCase
FNDA:2,execute
DA:1,1
DA:2,1
DA:3,1
DA:4,1
DA:5,1
DA:6,1
DA:7,1
DA:8,1
DA:9,1
DA:10,1
DA:11,1
DA:12,1
DA:13,1
DA:14,1
DA:15,1
DA:16,1
DA:17,1
DA:18,2
DA:19,1
DA:20,1
DA:21,2
DA:22,2
DA:23,2
DA:24,2
DA:25,2
DA:26,2
DA:27,2
DA:28,2
DA:29,2
DA:30,2
DA:31,2
DA:32,2
DA:33,2
DA:34,2
DA:35,2
DA:36,1
LF:36
LH:36
BRDA:17,0,0,2
BRDA:20,1,0,2
BRDA:30,2,0,0
BRF:3
BRH:2
end_of_record
TN:
SF:src\domain\forum\application\use-cases\errors\resource-not-found.error.ts
FN:5,ResourceNotFoundError
FNF:1
FNH:1
FNDA:1,ResourceNotFoundError
DA:1,1
DA:2,1
DA:3,1
DA:4,1
DA:5,1
DA:6,1
DA:7,1
DA:8,1
DA:9,1
LF:9
LH:9
BRDA:5,0,0,1
BRF:1
BRH:1
end_of_record
TN:
SF:src\domain\forum\application\use-cases\errors\unauthorized.ts
FN:5,Unauthorized
FNF:1
FNH:1
FNDA:5,Unauthorized
DA:1,1
DA:2,1
DA:3,1
DA:4,1
DA:5,1
DA:6,5
DA:7,5
DA:8,5
DA:9,1
LF:9
LH:9
BRDA:5,0,0,5
BRDA:6,1,0,0
BRF:2
BRH:1
end_of_record
TN:
SF:src\domain\forum\enterprise\entities\answer-attachment.ts
FN:1,(empty-report)
FNF:1
FNH:0
FNDA:0,(empty-report)
DA:1,0
DA:2,0
DA:3,0
DA:4,0
DA:5,0
DA:6,0
DA:7,0
DA:8,0
DA:9,0
DA:10,0
DA:11,0
DA:12,0
DA:13,0
DA:14,0
DA:15,0
DA:16,0
DA:17,0
DA:18,0
DA:19,0
DA:20,0
LF:20
LH:0
BRDA:1,0,0,0
BRF:1
BRH:0
end_of_record
TN:
SF:src\domain\forum\enterprise\entities\answer-comment.ts
FN:10,get answerId
FN:14,create
FNF:2
FNH:2
FNDA:21,get answerId
FNDA:21,create
DA:1,1
DA:2,1
DA:3,1
DA:4,1
DA:5,1
DA:6,1
DA:7,1
DA:8,1
DA:9,1
DA:10,1
DA:11,21
DA:12,21
DA:13,1
DA:14,1
DA:15,21
DA:16,21
DA:17,21
DA:18,21
DA:19,21
DA:20,1
LF:20
LH:20
BRDA:10,0,0,21
BRDA:14,1,0,21
BRDA:17,2,0,3
BRF:3
BRH:3
end_of_record
TN:
SF:src\domain\forum\enterprise\entities\answer.ts
FN:14,get content
FN:18,set content
FN:23,get excerpt
FN:27,get questionId
FN:31,get authorId
FN:35,get createdAt
FN:39,get updatedAt
FN:43,create
FN:52,touch
FNF:9
FNH:7
FNDA:1,get content
FNDA:1,set content
FNDA:0,get excerpt
FNDA:23,get questionId
FNDA:3,get authorId
FNDA:94,get createdAt
FNDA:0,get updatedAt
FNDA:24,create
FNDA:1,touch
DA:1,1
DA:2,1
DA:3,1
DA:4,1
DA:5,1
DA:6,1
DA:7,1
DA:8,1
DA:9,1
DA:10,1
DA:11,1
DA:12,1
DA:13,1
DA:14,1
DA:15,1
DA:16,1
DA:17,1
DA:18,1
DA:19,1
DA:20,1
DA:21,1
DA:22,1
DA:23,1
DA:24,0
DA:25,0
DA:26,1
DA:27,1
DA:28,23
DA:29,23
DA:30,1
DA:31,1
DA:32,3
DA:33,3
DA:34,1
DA:35,1
DA:36,94
DA:37,94
DA:38,1
DA:39,1
DA:40,0
DA:41,0
DA:42,1
DA:43,1
DA:44,24
DA:45,24
DA:46,24
DA:47,24
DA:48,24
DA:49,24
DA:50,24
DA:51,1
DA:52,1
DA:53,1
DA:54,1
DA:55,1
LF:55
LH:51
BRDA:14,0,0,1
BRDA:18,1,0,1
BRDA:27,2,0,23
BRDA:31,3,0,3
BRDA:35,4,0,94
BRDA:43,5,0,24
BRDA:46,6,0,21
BRDA:52,7,0,1
BRF:8
BRH:8
end_of_record
TN:
SF:src\domain\forum\enterprise\entities\attachment.ts
FN:1,(empty-report)
FNF:1
FNH:0
FNDA:0,(empty-report)
DA:1,0
DA:2,0
DA:3,0
DA:4,0
DA:5,0
DA:6,0
DA:7,0
DA:8,0
DA:9,0
DA:10,0
DA:11,0
DA:12,0
DA:13,0
DA:14,0
DA:15,0
DA:16,0
DA:17,0
DA:18,0
DA:19,0
DA:20,0
DA:21,0
DA:22,0
LF:22
LH:0
BRDA:1,0,0,0
BRF:1
BRH:0
end_of_record
TN:
SF:src\domain\forum\enterprise\entities\comment.ts
FN:12,get content
FN:16,set content
FN:21,get authorId
FN:25,get createdAt
FN:29,get updatedAt
FN:33,touch
FNF:6
FNH:3
FNDA:2,get content
FNDA:0,set content
FNDA:4,get authorId
FNDA:74,get createdAt
FNDA:0,get updatedAt
FNDA:0,touch
DA:1,1
DA:2,1
DA:3,1
DA:4,1
DA:5,1
DA:6,1
DA:7,1
DA:8,1
DA:9,1
DA:10,1
DA:11,1
DA:12,1
DA:13,2
DA:14,2
DA:15,1
DA:16,1
DA:17,0
DA:18,0
DA:19,0
DA:20,1
DA:21,1
DA:22,4
DA:23,4
DA:24,1
DA:25,1
DA:26,74
DA:27,74
DA:28,1
DA:29,1
DA:30,0
DA:31,0
DA:32,1
DA:33,1
DA:34,0
DA:35,0
DA:36,1
LF:36
LH:29
BRDA:12,0,0,2
BRDA:21,1,0,4
BRDA:25,2,0,74
BRF:3
BRH:3
end_of_record
TN:
SF:src\domain\forum\enterprise\entities\example.ts
FN:1,(empty-report)
FNF:1
FNH:0
FNDA:0,(empty-report)
DA:1,0
DA:2,0
DA:3,0
DA:4,0
DA:5,0
DA:6,0
DA:7,0
DA:8,0
DA:9,0
DA:10,0
DA:11,0
DA:12,0
DA:13,0
DA:14,0
LF:14
LH:0
BRDA:1,0,0,0
BRF:1
BRH:0
end_of_record
TN:
SF:src\domain\forum\enterprise\entities\index.ts
FNF:0
FNH:0
DA:1,1
DA:2,1
DA:3,1
DA:4,1
DA:5,1
DA:6,1
DA:7,1
LF:7
LH:7
BRF:0
BRH:0
end_of_record
TN:
SF:src\domain\forum\enterprise\entities\instructor.ts
FN:9,create
FNF:1
FNH:0
FNDA:0,create
DA:1,1
DA:2,1
DA:3,1
DA:4,1
DA:5,1
DA:6,1
DA:7,1
DA:8,1
DA:9,1
DA:10,0
DA:11,0
DA:12,0
DA:13,0
DA:14,1
LF:14
LH:10
BRF:0
BRH:0
end_of_record
TN:
SF:src\domain\forum\enterprise\entities\question-attachment-list.ts
FN:5,compareItems
FNF:1
FNH:0
FNDA:0,compareItems
DA:1,1
DA:2,1
DA:3,1
DA:4,1
DA:5,1
DA:6,0
DA:7,0
DA:8,1
LF:8
LH:6
BRF:0
BRH:0
end_of_record
TN:
SF:src\domain\forum\enterprise\entities\question-attachment.ts
FN:9,get questionId
FN:13,get attachmentId
FN:17,create
FNF:3
FNH:2
FNDA:0,get questionId
FNDA:2,get attachmentId
FNDA:2,create
DA:1,1
DA:2,1
DA:3,1
DA:4,1
DA:5,1
DA:6,1
DA:7,1
DA:8,1
DA:9,1
DA:10,0
DA:11,0
DA:12,1
DA:13,1
DA:14,2
DA:15,2
DA:16,1
DA:17,1
DA:18,2
DA:19,2
DA:20,1
LF:20
LH:18
BRDA:13,0,0,2
BRDA:17,1,0,2
BRF:2
BRH:2
end_of_record
TN:
SF:src\domain\forum\enterprise\entities\question-comment.ts
FN:10,get questionId
FN:14,create
FNF:2
FNH:2
FNDA:21,get questionId
FNDA:21,create
DA:1,1
DA:2,1
DA:3,1
DA:4,1
DA:5,1
DA:6,1
DA:7,1
DA:8,1
DA:9,1
DA:10,1
DA:11,21
DA:12,21
DA:13,1
DA:14,1
DA:15,21
DA:16,21
DA:17,21
DA:18,21
DA:19,21
DA:20,1
LF:20
LH:20
BRDA:10,0,0,21
BRDA:14,1,0,21
BRDA:17,2,0,3
BRF:3
BRH:3
end_of_record
TN:
SF:src\domain\forum\enterprise\entities\question.ts
FN:20,get content
FN:24,set content
FN:29,get isNew
FN:33,get title
FN:37,set title
FN:44,get slug
FN:48,get bestAnswerId
FN:52,set bestAnswerId
FN:58,get attachments
FN:62,set attachments
FN:66,get authorId
FN:70,get createdAt
FN:74,get updatedAt
FN:78,get excerpt
FN:82,create
FN:90,touch
FNF:16
FNH:13
FNDA:1,get content
FNDA:1,set content
FNDA:0,get isNew
FNDA:1,get title
FNDA:1,set title
FNDA:3,get slug
FNDA:2,get bestAnswerId
FNDA:1,set bestAnswerId
FNDA:3,get attachments
FNDA:1,set attachments
FNDA:6,get authorId
FNDA:169,get createdAt
FNDA:0,get updatedAt
FNDA:0,get excerpt
FNDA:35,create
FNDA:3,touch
DA:1,1
DA:2,1
DA:3,1
DA:4,1
DA:5,1
DA:6,1
DA:7,1
DA:8,1
DA:9,1
DA:10,1
DA:11,1
DA:12,1
DA:13,1
DA:14,1
DA:15,1
DA:16,1
DA:17,1
DA:18,1
DA:19,1
DA:20,1
DA:21,1
DA:22,1
DA:23,1
DA:24,1
DA:25,1
DA:26,1
DA:27,1
DA:28,1
DA:29,1
DA:30,0
DA:31,0
DA:32,1
DA:33,1
DA:34,1
DA:35,1
DA:36,1
DA:37,1
DA:38,1
DA:39,1
DA:40,1
DA:41,1
DA:42,1
DA:43,1
DA:44,1
DA:45,3
DA:46,3
DA:47,1
DA:48,1
DA:49,2
DA:50,2
DA:51,1
DA:52,1
DA:53,1
DA:54,1
DA:55,1
DA:56,1
DA:57,1
DA:58,1
DA:59,3
DA:60,3
DA:61,1
DA:62,1
DA:63,1
DA:64,1
DA:65,1
DA:66,1
DA:67,6
DA:68,6
DA:69,1
DA:70,1
DA:71,169
DA:72,169
DA:73,1
DA:74,1
DA:75,0
DA:76,0
DA:77,1
DA:78,1
DA:79,0
DA:80,0
DA:81,1
DA:82,1
DA:83,35
DA:84,35
DA:85,35
DA:86,35
DA:87,35
DA:88,35
DA:89,1
DA:90,1
DA:91,3
DA:92,3
DA:93,1
LF:93
LH:87
BRDA:20,0,0,1
BRDA:24,1,0,1
BRDA:33,2,0,1
BRDA:37,3,0,1
BRDA:44,4,0,3
BRDA:48,5,0,2
BRDA:52,6,0,1
BRDA:58,7,0,3
BRDA:62,8,0,1
BRDA:66,9,0,6
BRDA:70,10,0,169
BRDA:82,11,0,35
BRDA:85,12,0,34
BRDA:86,13,0,32
BRDA:90,14,0,3
BRF:15
BRH:15
end_of_record
TN:
SF:src\domain\forum\enterprise\entities\student.ts
FN:9,create
FNF:1
FNH:0
FNDA:0,create
DA:1,1
DA:2,1
DA:3,1
DA:4,1
DA:5,1
DA:6,1
DA:7,1
DA:8,1
DA:9,1
DA:10,0
DA:11,0
DA:12,0
DA:13,0
DA:14,1
LF:14
LH:10
BRF:0
BRH:0
end_of_record
TN:
SF:src\domain\forum\enterprise\entities\value-objects\index.ts
FNF:0
FNH:0
DA:1,1
LF:1
LH:1
BRF:0
BRH:0
end_of_record
TN:
SF:src\domain\forum\enterprise\entities\value-objects\slug.ts
FN:1,<instance_members_initializer>
FN:4,Slug
FN:17,createFromText
FN:31,create
FNF:4
FNH:4
FNDA:37,<instance_members_initializer>
FNDA:37,Slug
FNDA:36,createFromText
FNDA:1,create
DA:1,1
DA:2,37
DA:3,37
DA:4,37
DA:5,37
DA:6,37
DA:7,37
DA:8,37
DA:9,37
DA:10,37
DA:11,37
DA:12,37
DA:13,37
DA:14,37
DA:15,37
DA:16,37
DA:17,37
DA:18,36
DA:19,36
DA:20,36
DA:21,36
DA:22,36
DA:23,36
DA:24,36
DA:25,36
DA:26,36
DA:27,36
DA:28,36
DA:29,36
DA:30,37
DA:31,37
DA:32,1
DA:33,1
DA:34,37
LF:34
LH:34
BRDA:1,0,0,37
BRDA:4,1,0,37
BRDA:17,2,0,36
BRDA:31,3,0,1
BRF:4
BRH:4
end_of_record
